# JRE version: OpenJDK Runtime Environment (21.0.1+12) (build 21.0.1+12-LTS)
# Java VM: OpenJDK 64-Bit Server VM (21.0.1+12-LTS, mixed mode, tiered, compressed oops, compressed class ptrs, g1 gc, windows-amd64)
GC Precious Log:
 CardTable entry size: 512
 Card Set container configuration: InlinePtr #cards 5 size 8 Array Of Cards #cards 12 size 40 Howl #buckets 4 coarsen threshold 1843 Howl Bitmap #cards 512 size 80 coarsen threshold 460 Card regions per heap region 1 cards per card region 2048
 CPUs: 4 total, 4 available
 Memory: 16307M
 Large Page Support: Disabled
 NUMA Support: Disabled
 Compressed Oops: Enabled (32-bit)
 Heap Region Size: 1M
 Heap Min Capacity: 256M
 Heap Initial Capacity: 256M
 Heap Max Capacity: 2G
 Pre-touch: Disabled
 Parallel Workers: 4
 Concurrent Workers: 1
 Concurrent Refinement Workers: 4
 Periodic GC: Disabled
Heap:
 garbage-first heap   total 270336K, used 244224K [0x0000000080000000, 0x0000000100000000)
  region size 1024K, 126 young (129024K), 5 survivors (5120K)
 Metaspace       used 45426K, committed 45952K, reserved 1114112K
  class space    used 6124K, committed 6336K, reserved 1048576K
GC Heap History (20 events):
Event: 40.099 GC heap before
{Heap before GC invocations=13 (full 0):
 garbage-first heap   total 315392K, used 192512K [0x0000000080000000, 0x0000000100000000)
  region size 1024K, 154 young (157696K), 14 survivors (14336K)
 Metaspace       used 34066K, committed 34368K, reserved 1114112K
  class space    used 4413K, committed 4544K, reserved 1048576K
}
Event: 40.120 GC heap after
{Heap after GC invocations=14 (full 0):
 garbage-first heap   total 315392K, used 54849K [0x0000000080000000, 0x0000000100000000)
  region size 1024K, 13 young (13312K), 13 survivors (13312K)
 Metaspace       used 34066K, committed 34368K, reserved 1114112K
  class space    used 4413K, committed 4544K, reserved 1048576K
}
Event: 40.520 GC heap before
{Heap before GC invocations=14 (full 0):
 garbage-first heap   total 315392K, used 199233K [0x0000000080000000, 0x0000000100000000)
  region size 1024K, 154 young (157696K), 13 survivors (13312K)
 Metaspace       used 34114K, committed 34496K, reserved 1114112K
  class space    used 4418K, committed 4544K, reserved 1048576K
}
Event: 40.534 GC heap after
{Heap after GC invocations=15 (full 0):
 garbage-first heap   total 382976K, used 62976K [0x0000000080000000, 0x0000000100000000)
  region size 1024K, 18 young (18432K), 18 survivors (18432K)
 Metaspace       used 34114K, committed 34496K, reserved 1114112K
  class space    used 4418K, committed 4544K, reserved 1048576K
}
Event: 41.326 GC heap before
{Heap before GC invocations=15 (full 0):
 garbage-first heap   total 382976K, used 236032K [0x0000000080000000, 0x0000000100000000)
  region size 1024K, 187 young (191488K), 18 survivors (18432K)
 Metaspace       used 34513K, committed 34944K, reserved 1114112K
  class space    used 4508K, committed 4672K, reserved 1048576K
}
Event: 41.350 GC heap after
{Heap after GC invocations=16 (full 0):
 garbage-first heap   total 382976K, used 71041K [0x0000000080000000, 0x0000000100000000)
  region size 1024K, 16 young (16384K), 16 survivors (16384K)
 Metaspace       used 34513K, committed 34944K, reserved 1114112K
  class space    used 4508K, committed 4672K, reserved 1048576K
}
Event: 42.458 GC heap before
{Heap before GC invocations=16 (full 0):
 garbage-first heap   total 382976K, used 246145K [0x0000000080000000, 0x0000000100000000)
  region size 1024K, 187 young (191488K), 16 survivors (16384K)
 Metaspace       used 34677K, committed 35072K, reserved 1114112K
  class space    used 4532K, committed 4672K, reserved 1048576K
}
Event: 42.465 GC heap after
{Heap after GC invocations=17 (full 0):
 garbage-first heap   total 382976K, used 60416K [0x0000000080000000, 0x0000000100000000)
  region size 1024K, 4 young (4096K), 4 survivors (4096K)
 Metaspace       used 34677K, committed 35072K, reserved 1114112K
  class space    used 4532K, committed 4672K, reserved 1048576K
}
Event: 43.141 GC heap before
{Heap before GC invocations=17 (full 0):
 garbage-first heap   total 382976K, used 69632K [0x0000000080000000, 0x0000000100000000)
  region size 1024K, 15 young (15360K), 4 survivors (4096K)
 Metaspace       used 35690K, committed 36096K, reserved 1114112K
  class space    used 4731K, committed 4864K, reserved 1048576K
}
Event: 43.150 GC heap after
{Heap after GC invocations=18 (full 0):
 garbage-first heap   total 382976K, used 61037K [0x0000000080000000, 0x0000000100000000)
  region size 1024K, 5 young (5120K), 5 survivors (5120K)
 Metaspace       used 35690K, committed 36096K, reserved 1114112K
  class space    used 4731K, committed 4864K, reserved 1048576K
}
Event: 48.027 GC heap before
{Heap before GC invocations=19 (full 0):
 garbage-first heap   total 262144K, used 225901K [0x0000000080000000, 0x0000000100000000)
  region size 1024K, 187 young (191488K), 5 survivors (5120K)
 Metaspace       used 39713K, committed 40256K, reserved 1114112K
  class space    used 5255K, committed 5504K, reserved 1048576K
}
Event: 48.101 GC heap after
{Heap after GC invocations=20 (full 0):
 garbage-first heap   total 270336K, used 74694K [0x0000000080000000, 0x0000000100000000)
  region size 1024K, 24 young (24576K), 24 survivors (24576K)
 Metaspace       used 39713K, committed 40256K, reserved 1114112K
  class space    used 5255K, committed 5504K, reserved 1048576K
}
Event: 53.730 GC heap before
{Heap before GC invocations=20 (full 0):
 garbage-first heap   total 270336K, used 185286K [0x0000000080000000, 0x0000000100000000)
  region size 1024K, 132 young (135168K), 24 survivors (24576K)
 Metaspace       used 40806K, committed 41280K, reserved 1114112K
  class space    used 5544K, committed 5760K, reserved 1048576K
}
Event: 53.782 GC heap after
{Heap after GC invocations=21 (full 0):
 garbage-first heap   total 270336K, used 83968K [0x0000000080000000, 0x0000000100000000)
  region size 1024K, 12 young (12288K), 12 survivors (12288K)
 Metaspace       used 40806K, committed 41280K, reserved 1114112K
  class space    used 5544K, committed 5760K, reserved 1048576K
}
Event: 773.970 GC heap before
{Heap before GC invocations=21 (full 0):
 garbage-first heap   total 270336K, used 206848K [0x0000000080000000, 0x0000000100000000)
  region size 1024K, 132 young (135168K), 12 survivors (12288K)
 Metaspace       used 42872K, committed 43392K, reserved 1114112K
  class space    used 5775K, committed 6016K, reserved 1048576K
}
Event: 774.015 GC heap after
{Heap after GC invocations=22 (full 0):
 garbage-first heap   total 270336K, used 98816K [0x0000000080000000, 0x0000000100000000)
  region size 1024K, 17 young (17408K), 17 survivors (17408K)
 Metaspace       used 42872K, committed 43392K, reserved 1114112K
  class space    used 5775K, committed 6016K, reserved 1048576K
}
Event: 791.765 GC heap before
{Heap before GC invocations=22 (full 0):
 garbage-first heap   total 270336K, used 217600K [0x0000000080000000, 0x0000000100000000)
  region size 1024K, 132 young (135168K), 17 survivors (17408K)
 Metaspace       used 44608K, committed 45120K, reserved 1114112K
  class space    used 6081K, committed 6272K, reserved 1048576K
}
Event: 791.818 GC heap after
{Heap after GC invocations=23 (full 0):
 garbage-first heap   total 270336K, used 119296K [0x0000000080000000, 0x0000000100000000)
  region size 1024K, 17 young (17408K), 17 survivors (17408K)
 Metaspace       used 44608K, committed 45120K, reserved 1114112K
  class space    used 6081K, committed 6272K, reserved 1048576K
}
Event: 844.073 GC heap before
{Heap before GC invocations=23 (full 0):
 garbage-first heap   total 270336K, used 237056K [0x0000000080000000, 0x0000000100000000)
  region size 1024K, 132 young (135168K), 17 survivors (17408K)
 Metaspace       used 45245K, committed 45696K, reserved 1114112K
  class space    used 6114K, committed 6336K, reserved 1048576K
}
Event: 844.106 GC heap after
{Heap after GC invocations=24 (full 0):
 garbage-first heap   total 270336K, used 121344K [0x0000000080000000, 0x0000000100000000)
  region size 1024K, 5 young (5120K), 5 survivors (5120K)
 Metaspace       used 45245K, committed 45696K, reserved 1114112K
  class space    used 6114K, committed 6336K, reserved 1048576K
}

