# JRE version: OpenJDK Runtime Environment Zulu20.28+85-CA (20.0+36) (build 20+36)
# Java VM: OpenJDK 64-Bit Server VM Zulu20.28+85-CA (20+36, mixed mode, tiered, compressed oops, compressed class ptrs, g1 gc, linux-amd64)
GC Precious Log:
 CardTable entry size: 512
 Card Set container configuration: InlinePtr #cards 4 size 8 Array Of Cards #cards 16 size 48 Howl #buckets 8 coarsen threshold 3686 Howl Bitmap #cards 512 size 80 coarsen threshold 460 Card regions per heap region 1 cards per card region 4096
 CPUs: 4 total, 4 available
 Memory: 15923M
 Large Page Support: Disabled
 NUMA Support: Disabled
 Compressed Oops: Enabled (Zero based)
 Heap Region Size: 2M
 Heap Min Capacity: 8M
 Heap Initial Capacity: 250M
 Heap Max Capacity: 3982M
 Pre-touch: Disabled
 Parallel Workers: 4
 Concurrent Workers: 1
 Concurrent Refinement Workers: 4
 Periodic GC: Disabled
Heap:
 garbage-first heap   total 153600K, used 86382K [0x00000006c7200000, 0x00000007c0000000)
  region size 2048K, 25 young (51200K), 6 survivors (12288K)
 Metaspace       used 35300K, committed 35776K, reserved 1114112K
  class space    used 4664K, committed 4864K, reserved 1048576K
GC Heap History (16 events):
Event: 0.293 GC heap before
{Heap before GC invocations=0 (full 0):
 garbage-first heap   total 256000K, used 10240K [0x00000006c7200000, 0x00000007c0000000)
  region size 2048K, 6 young (12288K), 0 survivors (0K)
 Metaspace       used 7014K, committed 7232K, reserved 1114112K
  class space    used 592K, committed 704K, reserved 1048576K
}
Event: 0.300 GC heap after
{Heap after GC invocations=1 (full 0):
 garbage-first heap   total 256000K, used 1150K [0x00000006c7200000, 0x00000007c0000000)
  region size 2048K, 1 young (2048K), 1 survivors (2048K)
 Metaspace       used 7014K, committed 7232K, reserved 1114112K
  class space    used 592K, committed 704K, reserved 1048576K
}
Event: 1.677 GC heap before
{Heap before GC invocations=1 (full 0):
 garbage-first heap   total 256000K, used 19582K [0x00000006c7200000, 0x00000007c0000000)
  region size 2048K, 11 young (22528K), 1 survivors (2048K)
 Metaspace       used 20671K, committed 21056K, reserved 1114112K
  class space    used 2583K, committed 2752K, reserved 1048576K
}
Event: 1.692 GC heap after
{Heap after GC invocations=2 (full 0):
 garbage-first heap   total 256000K, used 8837K [0x00000006c7200000, 0x00000007c0000000)
  region size 2048K, 2 young (4096K), 2 survivors (4096K)
 Metaspace       used 20671K, committed 21056K, reserved 1114112K
  class space    used 2583K, committed 2752K, reserved 1048576K
}
Event: 1.851 GC heap before
{Heap before GC invocations=2 (full 0):
 garbage-first heap   total 256000K, used 12933K [0x00000006c7200000, 0x00000007c0000000)
  region size 2048K, 5 young (10240K), 2 survivors (4096K)
 Metaspace       used 21185K, committed 21504K, reserved 1114112K
  class space    used 2648K, committed 2816K, reserved 1048576K
}
Event: 1.859 GC heap after
{Heap after GC invocations=3 (full 0):
 garbage-first heap   total 256000K, used 9302K [0x00000006c7200000, 0x00000007c0000000)
  region size 2048K, 3 young (6144K), 3 survivors (6144K)
 Metaspace       used 21185K, committed 21504K, reserved 1114112K
  class space    used 2648K, committed 2816K, reserved 1048576K
}
Event: 3.071 GC heap before
{Heap before GC invocations=4 (full 0):
 garbage-first heap   total 49152K, used 31830K [0x00000006c7200000, 0x00000007c0000000)
  region size 2048K, 14 young (28672K), 3 survivors (6144K)
 Metaspace       used 26398K, committed 26752K, reserved 1114112K
  class space    used 3567K, committed 3712K, reserved 1048576K
}
Event: 3.091 GC heap after
{Heap after GC invocations=5 (full 0):
 garbage-first heap   total 49152K, used 13699K [0x00000006c7200000, 0x00000007c0000000)
  region size 2048K, 2 young (4096K), 2 survivors (4096K)
 Metaspace       used 26398K, committed 26752K, reserved 1114112K
  class space    used 3567K, committed 3712K, reserved 1048576K
}
Event: 4.248 GC heap before
{Heap before GC invocations=5 (full 0):
 garbage-first heap   total 49152K, used 32131K [0x00000006c7200000, 0x00000007c0000000)
  region size 2048K, 11 young (22528K), 2 survivors (4096K)
 Metaspace       used 27297K, committed 27648K, reserved 1114112K
  class space    used 3647K, committed 3840K, reserved 1048576K
}
Event: 4.262 GC heap after
{Heap after GC invocations=6 (full 0):
 garbage-first heap   total 49152K, used 20361K [0x00000006c7200000, 0x00000007c0000000)
  region size 2048K, 2 young (4096K), 2 survivors (4096K)
 Metaspace       used 27297K, committed 27648K, reserved 1114112K
  class space    used 3647K, committed 3840K, reserved 1048576K
}
Event: 4.877 GC heap before
{Heap before GC invocations=6 (full 0):
 garbage-first heap   total 49152K, used 34697K [0x00000006c7200000, 0x00000007c0000000)
  region size 2048K, 9 young (18432K), 2 survivors (4096K)
 Metaspace       used 28320K, committed 28672K, reserved 1114112K
  class space    used 3857K, committed 4032K, reserved 1048576K
}
Event: 4.891 GC heap after
{Heap after GC invocations=7 (full 0):
 garbage-first heap   total 153600K, used 24782K [0x00000006c7200000, 0x00000007c0000000)
  region size 2048K, 2 young (4096K), 2 survivors (4096K)
 Metaspace       used 28320K, committed 28672K, reserved 1114112K
  class space    used 3857K, committed 4032K, reserved 1048576K
}
Event: 8.185 GC heap before
{Heap before GC invocations=7 (full 0):
 garbage-first heap   total 153600K, used 96462K [0x00000006c7200000, 0x00000007c0000000)
  region size 2048K, 37 young (75776K), 2 survivors (4096K)
 Metaspace       used 29509K, committed 29888K, reserved 1114112K
  class space    used 3952K, committed 4096K, reserved 1048576K
}
Event: 8.208 GC heap after
{Heap after GC invocations=8 (full 0):
 garbage-first heap   total 153600K, used 34816K [0x00000006c7200000, 0x00000007c0000000)
  region size 2048K, 5 young (10240K), 5 survivors (10240K)
 Metaspace       used 29509K, committed 29888K, reserved 1114112K
  class space    used 3952K, committed 4096K, reserved 1048576K
}
Event: 13.111 GC heap before
{Heap before GC invocations=8 (full 0):
 garbage-first heap   total 153600K, used 110592K [0x00000006c7200000, 0x00000007c0000000)
  region size 2048K, 41 young (83968K), 5 survivors (10240K)
 Metaspace       used 34583K, committed 35008K, reserved 1114112K
  class space    used 4617K, committed 4800K, reserved 1048576K
}
Event: 13.148 GC heap after
{Heap after GC invocations=9 (full 0):
 garbage-first heap   total 153600K, used 49518K [0x00000006c7200000, 0x00000007c0000000)
  region size 2048K, 6 young (12288K), 6 survivors (12288K)
 Metaspace       used 34583K, committed 35008K, reserved 1114112K
  class space    used 4617K, committed 4800K, reserved 1048576K
}

